{"C:\\Users\\Briancgmendoza\\OneDrive\\Desktop\\Work\\Practice\\vite-react-typescript-test\\src\\App.tsx": {"path":"C:\\Users\\Briancgmendoza\\OneDrive\\Desktop\\Work\\Practice\\vite-react-typescript-test\\src\\App.tsx","statementMap":{"0":{"start":{"line":1,"column":0},"end":{"line":1,"column":32}},"1":{"start":{"line":2,"column":0},"end":{"line":2,"column":42}},"2":{"start":{"line":3,"column":0},"end":{"line":3,"column":18}},"3":{"start":{"line":6,"column":28},"end":{"line":6,"column":39}},"4":{"start":{"line":8,"column":2},"end":{"line":36,"column":null}},"5":{"start":{"line":20,"column":31},"end":{"line":20,"column":61}},"6":{"start":{"line":20,"column":51},"end":{"line":20,"column":60}},"7":{"start":{"line":39,"column":0},"end":{"line":39,"column":null}}},"fnMap":{"0":{"name":"App","decl":{"start":{"line":5,"column":9},"end":{"line":5,"column":12}},"loc":{"start":{"line":5,"column":12},"end":{"line":37,"column":1}}},"1":{"name":"(anonymous_1)","decl":{"start":{"line":20,"column":25},"end":{"line":20,"column":28}},"loc":{"start":{"line":20,"column":31},"end":{"line":20,"column":61}}},"2":{"name":"(anonymous_2)","decl":{"start":{"line":20,"column":40},"end":{"line":20,"column":41}},"loc":{"start":{"line":20,"column":51},"end":{"line":20,"column":60}}}},"branchMap":{"0":{"loc":{"start":{"line":23,"column":9},"end":{"line":25,"column":null}},"type":"binary-expr","locations":[{"start":{"line":23,"column":9},"end":{"line":23,"column":18}},{"start":{"line":24,"column":10},"end":{"line":25,"column":null}}]}},"s":{"0":1,"1":1,"2":1,"3":3,"4":3,"5":2,"6":2,"7":1},"f":{"0":3,"1":2,"2":2},"b":{"0":[3,2]}}
}
